# JRE version: Java(TM) SE Runtime Environment (8.0_181-b13) (build 1.8.0_181-b13)
# Java VM: Java HotSpot(TM) 64-Bit Server VM (25.181-b13 mixed mode linux-amd64 compressed oops)
Heap:
 def new generation   total 12736K, used 5902K [0x00000000f0a00000, 0x00000000f17d0000, 0x00000000f5c00000)
  eden space 11328K,  51% used [0x00000000f0a00000, 0x00000000f0fb95d8, 0x00000000f1510000)
  from space 1408K,   2% used [0x00000000f1510000, 0x00000000f151a2e0, 0x00000000f1670000)
  to   space 1408K,   0% used [0x00000000f1670000, 0x00000000f1670000, 0x00000000f17d0000)
 tenured generation   total 28160K, used 24872K [0x00000000f5c00000, 0x00000000f7780000, 0x0000000100000000)
   the space 28160K,  88% used [0x00000000f5c00000, 0x00000000f744a150, 0x00000000f744a200, 0x00000000f7780000)
 Metaspace       used 39464K, capacity 41184K, committed 41600K, reserved 1085440K
  class space    used 5085K, capacity 5421K, committed 5504K, reserved 1048576K
GC Heap History (10 events):
Event: 266.475 GC heap before
{Heap before GC invocations=148 (full 3):
 def new generation   total 12736K, used 11535K [0x00000000f0a00000, 0x00000000f17d0000, 0x00000000f5c00000)
  eden space 11328K, 100% used [0x00000000f0a00000, 0x00000000f1510000, 0x00000000f1510000)
  from space 1408K,  14% used [0x00000000f1670000, 0x00000000f16a3c18, 0x00000000f17d0000)
  to   space 1408K,   0% used [0x00000000f1510000, 0x00000000f1510000, 0x00000000f1670000)
 tenured generation   total 28160K, used 22810K [0x00000000f5c00000, 0x00000000f7780000, 0x0000000100000000)
   the space 28160K,  81% used [0x00000000f5c00000, 0x00000000f72469f8, 0x00000000f7246a00, 0x00000000f7780000)
 Metaspace       used 39201K, capacity 40916K, committed 41344K, reserved 1085440K
  class space    used 5070K, capacity 5419K, committed 5504K, reserved 1048576K
Event: 266.477 GC heap after
Heap after GC invocations=149 (full 3):
 def new generation   total 12736K, used 190K [0x00000000f0a00000, 0x00000000f17d0000, 0x00000000f5c00000)
  eden space 11328K,   0% used [0x00000000f0a00000, 0x00000000f0a00000, 0x00000000f1510000)
  from space 1408K,  13% used [0x00000000f1510000, 0x00000000f153fbc8, 0x00000000f1670000)
  to   space 1408K,   0% used [0x00000000f1670000, 0x00000000f1670000, 0x00000000f17d0000)
 tenured generation   total 28160K, used 22810K [0x00000000f5c00000, 0x00000000f7780000, 0x0000000100000000)
   the space 28160K,  81% used [0x00000000f5c00000, 0x00000000f72469f8, 0x00000000f7246a00, 0x00000000f7780000)
 Metaspace       used 39201K, capacity 40916K, committed 41344K, reserved 1085440K
  class space    used 5070K, capacity 5419K, committed 5504K, reserved 1048576K
}
Event: 1162.267 GC heap before
{Heap before GC invocations=149 (full 3):
 def new generation   total 12736K, used 11518K [0x00000000f0a00000, 0x00000000f17d0000, 0x00000000f5c00000)
  eden space 11328K, 100% used [0x00000000f0a00000, 0x00000000f1510000, 0x00000000f1510000)
  from space 1408K,  13% used [0x00000000f1510000, 0x00000000f153fbc8, 0x00000000f1670000)
  to   space 1408K,   0% used [0x00000000f1670000, 0x00000000f1670000, 0x00000000f17d0000)
 tenured generation   total 28160K, used 22810K [0x00000000f5c00000, 0x00000000f7780000, 0x0000000100000000)
   the space 28160K,  81% used [0x00000000f5c00000, 0x00000000f72469f8, 0x00000000f7246a00, 0x00000000f7780000)
 Metaspace       used 39252K, capacity 40980K, committed 41344K, reserved 1085440K
  class space    used 5070K, capacity 5419K, committed 5504K, reserved 1048576K
Event: 1162.277 GC heap after
Heap after GC invocations=150 (full 3):
 def new generation   total 12736K, used 1121K [0x00000000f0a00000, 0x00000000f17d0000, 0x00000000f5c00000)
  eden space 11328K,   0% used [0x00000000f0a00000, 0x00000000f0a00000, 0x00000000f1510000)
  from space 1408K,  79% used [0x00000000f1670000, 0x00000000f1788708, 0x00000000f17d0000)
  to   space 1408K,   0% used [0x00000000f1510000, 0x00000000f1510000, 0x00000000f1670000)
 tenured generation   total 28160K, used 22810K [0x00000000f5c00000, 0x00000000f7780000, 0x0000000100000000)
   the space 28160K,  81% used [0x00000000f5c00000, 0x00000000f72469f8, 0x00000000f7246a00, 0x00000000f7780000)
 Metaspace       used 39252K, capacity 40980K, committed 41344K, reserved 1085440K
  class space    used 5070K, capacity 5419K, committed 5504K, reserved 1048576K
}
Event: 4694.311 GC heap before
{Heap before GC invocations=150 (full 3):
 def new generation   total 12736K, used 12449K [0x00000000f0a00000, 0x00000000f17d0000, 0x00000000f5c00000)
  eden space 11328K, 100% used [0x00000000f0a00000, 0x00000000f1510000, 0x00000000f1510000)
  from space 1408K,  79% used [0x00000000f1670000, 0x00000000f1788708, 0x00000000f17d0000)
  to   space 1408K,   0% used [0x00000000f1510000, 0x00000000f1510000, 0x00000000f1670000)
 tenured generation   total 28160K, used 22810K [0x00000000f5c00000, 0x00000000f7780000, 0x0000000100000000)
   the space 28160K,  81% used [0x00000000f5c00000, 0x00000000f72469f8, 0x00000000f7246a00, 0x00000000f7780000)
 Metaspace       used 39428K, capacity 41120K, committed 41344K, reserved 1085440K
  class space    used 5085K, capacity 5421K, committed 5504K, reserved 1048576K
Event: 4694.315 GC heap after
Heap after GC invocations=151 (full 3):
 def new generation   total 12736K, used 1154K [0x00000000f0a00000, 0x00000000f17d0000, 0x00000000f5c00000)
  eden space 11328K,   0% used [0x00000000f0a00000, 0x00000000f0a00000, 0x00000000f1510000)
  from space 1408K,  81% used [0x00000000f1510000, 0x00000000f1630878, 0x00000000f1670000)
  to   space 1408K,   0% used [0x00000000f1670000, 0x00000000f1670000, 0x00000000f17d0000)
 tenured generation   total 28160K, used 22997K [0x00000000f5c00000, 0x00000000f7780000, 0x0000000100000000)
   the space 28160K,  81% used [0x00000000f5c00000, 0x00000000f7275618, 0x00000000f7275800, 0x00000000f7780000)
 Metaspace       used 39428K, capacity 41120K, committed 41344K, reserved 1085440K
  class space    used 5085K, capacity 5421K, committed 5504K, reserved 1048576K
}
Event: 4786.798 GC heap before
{Heap before GC invocations=151 (full 3):
 def new generation   total 12736K, used 12482K [0x00000000f0a00000, 0x00000000f17d0000, 0x00000000f5c00000)
  eden space 11328K, 100% used [0x00000000f0a00000, 0x00000000f1510000, 0x00000000f1510000)
  from space 1408K,  81% used [0x00000000f1510000, 0x00000000f1630878, 0x00000000f1670000)
  to   space 1408K,   0% used [0x00000000f1670000, 0x00000000f1670000, 0x00000000f17d0000)
 tenured generation   total 28160K, used 22997K [0x00000000f5c00000, 0x00000000f7780000, 0x0000000100000000)
   the space 28160K,  81% used [0x00000000f5c00000, 0x00000000f7275618, 0x00000000f7275800, 0x00000000f7780000)
 Metaspace       used 39463K, capacity 41184K, committed 41600K, reserved 1085440K
  class space    used 5085K, capacity 5421K, committed 5504K, reserved 1048576K
Event: 4786.801 GC heap after
Heap after GC invocations=152 (full 3):
 def new generation   total 12736K, used 35K [0x00000000f0a00000, 0x00000000f17d0000, 0x00000000f5c00000)
  eden space 11328K,   0% used [0x00000000f0a00000, 0x00000000f0a00000, 0x00000000f1510000)
  from space 1408K,   2% used [0x00000000f1670000, 0x00000000f1678de8, 0x00000000f17d0000)
  to   space 1408K,   0% used [0x00000000f1510000, 0x00000000f1510000, 0x00000000f1670000)
 tenured generation   total 28160K, used 24872K [0x00000000f5c00000, 0x00000000f7780000, 0x0000000100000000)
   the space 28160K,  88% used [0x00000000f5c00000, 0x00000000f744a150, 0x00000000f744a200, 0x00000000f7780000)
 Metaspace       used 39463K, capacity 41184K, committed 41600K, reserved 1085440K
  class space    used 5085K, capacity 5421K, committed 5504K, reserved 1048576K
}
Event: 4786.982 GC heap before
{Heap before GC invocations=152 (full 3):
 def new generation   total 12736K, used 10672K [0x00000000f0a00000, 0x00000000f17d0000, 0x00000000f5c00000)
  eden space 11328K,  93% used [0x00000000f0a00000, 0x00000000f1463420, 0x00000000f1510000)
  from space 1408K,   2% used [0x00000000f1670000, 0x00000000f1678de8, 0x00000000f17d0000)
  to   space 1408K,   0% used [0x00000000f1510000, 0x00000000f1510000, 0x00000000f1670000)
 tenured generation   total 28160K, used 24872K [0x00000000f5c00000, 0x00000000f7780000, 0x0000000100000000)
   the space 28160K,  88% used [0x00000000f5c00000, 0x00000000f744a150, 0x00000000f744a200, 0x00000000f7780000)
 Metaspace       used 39464K, capacity 41184K, committed 41600K, reserved 1085440K
  class space    used 5085K, capacity 5421K, committed 5504K, reserved 1048576K
Event: 4786.984 GC heap after
Heap after GC invocations=153 (full 3):
 def new generation   total 12736K, used 40K [0x00000000f0a00000, 0x00000000f17d0000, 0x00000000f5c00000)
  eden space 11328K,   0% used [0x00000000f0a00000, 0x00000000f0a00000, 0x00000000f1510000)
  from space 1408K,   2% used [0x00000000f1510000, 0x00000000f151a2e0, 0x00000000f1670000)
  to   space 1408K,   0% used [0x00000000f1670000, 0x00000000f1670000, 0x00000000f17d0000)
 tenured generation   total 28160K, used 24872K [0x00000000f5c00000, 0x00000000f7780000, 0x0000000100000000)
   the space 28160K,  88% used [0x00000000f5c00000, 0x00000000f744a150, 0x00000000f744a200, 0x00000000f7780000)
 Metaspace       used 39464K, capacity 41184K, committed 41600K, reserved 1085440K
  class space    used 5085K, capacity 5421K, committed 5504K, reserved 1048576K
}

