# JRE version: Java(TM) SE Runtime Environment (8.0_181-b13) (build 1.8.0_181-b13)
# Java VM: Java HotSpot(TM) 64-Bit Server VM (25.181-b13 mixed mode linux-amd64 compressed oops)
Heap:
 def new generation   total 16704K, used 4404K [0x00000000f0a00000, 0x00000000f1c10000, 0x00000000f5c00000)
  eden space 14912K,  29% used [0x00000000f0a00000, 0x00000000f0e4d0b0, 0x00000000f1890000)
  from space 1792K,   0% used [0x00000000f1890000, 0x00000000f1890000, 0x00000000f1a50000)
  to   space 1792K,   0% used [0x00000000f1a50000, 0x00000000f1a50000, 0x00000000f1c10000)
 tenured generation   total 36864K, used 22116K [0x00000000f5c00000, 0x00000000f8000000, 0x0000000100000000)
   the space 36864K,  59% used [0x00000000f5c00000, 0x00000000f71990b8, 0x00000000f7199200, 0x00000000f8000000)
 Metaspace       used 39349K, capacity 41026K, committed 41344K, reserved 1085440K
  class space    used 5065K, capacity 5378K, committed 5504K, reserved 1048576K
GC Heap History (10 events):
Event: 23353.704 GC heap before
{Heap before GC invocations=127 (full 3):
 def new generation   total 12160K, used 9812K [0x00000000f0a00000, 0x00000000f1730000, 0x00000000f5c00000)
  eden space 10816K,  90% used [0x00000000f0a00000, 0x00000000f13950f8, 0x00000000f1490000)
  from space 1344K,   0% used [0x00000000f1490000, 0x00000000f1490000, 0x00000000f15e0000)
  to   space 1344K,   0% used [0x00000000f15e0000, 0x00000000f15e0000, 0x00000000f1730000)
 tenured generation   total 26960K, used 16173K [0x00000000f5c00000, 0x00000000f7654000, 0x0000000100000000)
   the space 26960K,  59% used [0x00000000f5c00000, 0x00000000f6bcb710, 0x00000000f6bcb800, 0x00000000f7654000)
 Metaspace       used 39302K, capacity 40898K, committed 41344K, reserved 1085440K
  class space    used 5065K, capacity 5378K, committed 5504K, reserved 1048576K
Event: 23353.707 GC heap after
Heap after GC invocations=128 (full 3):
 def new generation   total 12160K, used 610K [0x00000000f0a00000, 0x00000000f1730000, 0x00000000f5c00000)
  eden space 10816K,   0% used [0x00000000f0a00000, 0x00000000f0a00000, 0x00000000f1490000)
  from space 1344K,  45% used [0x00000000f15e0000, 0x00000000f16788b0, 0x00000000f1730000)
  to   space 1344K,   0% used [0x00000000f1490000, 0x00000000f1490000, 0x00000000f15e0000)
 tenured generation   total 26960K, used 19839K [0x00000000f5c00000, 0x00000000f7654000, 0x0000000100000000)
   the space 26960K,  73% used [0x00000000f5c00000, 0x00000000f6f5ff50, 0x00000000f6f60000, 0x00000000f7654000)
 Metaspace       used 39302K, capacity 40898K, committed 41344K, reserved 1085440K
  class space    used 5065K, capacity 5378K, committed 5504K, reserved 1048576K
}
Event: 37179.892 GC heap before
{Heap before GC invocations=128 (full 3):
 def new generation   total 12160K, used 11426K [0x00000000f0a00000, 0x00000000f1730000, 0x00000000f5c00000)
  eden space 10816K, 100% used [0x00000000f0a00000, 0x00000000f1490000, 0x00000000f1490000)
  from space 1344K,  45% used [0x00000000f15e0000, 0x00000000f16788b0, 0x00000000f1730000)
  to   space 1344K,   0% used [0x00000000f1490000, 0x00000000f1490000, 0x00000000f15e0000)
 tenured generation   total 26960K, used 19839K [0x00000000f5c00000, 0x00000000f7654000, 0x0000000100000000)
   the space 26960K,  73% used [0x00000000f5c00000, 0x00000000f6f5ff50, 0x00000000f6f60000, 0x00000000f7654000)
 Metaspace       used 39325K, capacity 40962K, committed 41344K, reserved 1085440K
  class space    used 5065K, capacity 5378K, committed 5504K, reserved 1048576K
Event: 37179.896 GC heap after
Heap after GC invocations=129 (full 3):
 def new generation   total 12160K, used 124K [0x00000000f0a00000, 0x00000000f1730000, 0x00000000f5c00000)
  eden space 10816K,   0% used [0x00000000f0a00000, 0x00000000f0a00000, 0x00000000f1490000)
  from space 1344K,   9% used [0x00000000f1490000, 0x00000000f14af298, 0x00000000f15e0000)
  to   space 1344K,   0% used [0x00000000f15e0000, 0x00000000f15e0000, 0x00000000f1730000)
 tenured generation   total 26960K, used 22755K [0x00000000f5c00000, 0x00000000f7654000, 0x0000000100000000)
   the space 26960K,  84% used [0x00000000f5c00000, 0x00000000f7238f60, 0x00000000f7239000, 0x00000000f7654000)
 Metaspace       used 39325K, capacity 40962K, committed 41344K, reserved 1085440K
  class space    used 5065K, capacity 5378K, committed 5504K, reserved 1048576K
}
Event: 37179.984 GC heap before
{Heap before GC invocations=129 (full 3):
 def new generation   total 12160K, used 10940K [0x00000000f0a00000, 0x00000000f1730000, 0x00000000f5c00000)
  eden space 10816K, 100% used [0x00000000f0a00000, 0x00000000f1490000, 0x00000000f1490000)
  from space 1344K,   9% used [0x00000000f1490000, 0x00000000f14af298, 0x00000000f15e0000)
  to   space 1344K,   0% used [0x00000000f15e0000, 0x00000000f15e0000, 0x00000000f1730000)
 tenured generation   total 26960K, used 22755K [0x00000000f5c00000, 0x00000000f7654000, 0x0000000100000000)
   the space 26960K,  84% used [0x00000000f5c00000, 0x00000000f7238f60, 0x00000000f7239000, 0x00000000f7654000)
 Metaspace       used 39325K, capacity 40962K, committed 41344K, reserved 1085440K
  class space    used 5065K, capacity 5378K, committed 5504K, reserved 1048576K
Event: 37179.986 GC heap after
Heap after GC invocations=130 (full 3):
 def new generation   total 12160K, used 57K [0x00000000f0a00000, 0x00000000f1730000, 0x00000000f5c00000)
  eden space 10816K,   0% used [0x00000000f0a00000, 0x00000000f0a00000, 0x00000000f1490000)
  from space 1344K,   4% used [0x00000000f15e0000, 0x00000000f15ee720, 0x00000000f1730000)
  to   space 1344K,   0% used [0x00000000f1490000, 0x00000000f1490000, 0x00000000f15e0000)
 tenured generation   total 26960K, used 22755K [0x00000000f5c00000, 0x00000000f7654000, 0x0000000100000000)
   the space 26960K,  84% used [0x00000000f5c00000, 0x00000000f7238f60, 0x00000000f7239000, 0x00000000f7654000)
 Metaspace       used 39325K, capacity 40962K, committed 41344K, reserved 1085440K
  class space    used 5065K, capacity 5378K, committed 5504K, reserved 1048576K
}
Event: 37180.191 GC heap before
{Heap before GC invocations=130 (full 3):
 def new generation   total 12160K, used 10867K [0x00000000f0a00000, 0x00000000f1730000, 0x00000000f5c00000)
  eden space 10816K,  99% used [0x00000000f0a00000, 0x00000000f148e748, 0x00000000f1490000)
  from space 1344K,   4% used [0x00000000f15e0000, 0x00000000f15ee720, 0x00000000f1730000)
  to   space 1344K,   0% used [0x00000000f1490000, 0x00000000f1490000, 0x00000000f15e0000)
 tenured generation   total 26960K, used 22755K [0x00000000f5c00000, 0x00000000f7654000, 0x0000000100000000)
   the space 26960K,  84% used [0x00000000f5c00000, 0x00000000f7238f60, 0x00000000f7239000, 0x00000000f7654000)
 Metaspace       used 39326K, capacity 40962K, committed 41344K, reserved 1085440K
  class space    used 5065K, capacity 5378K, committed 5504K, reserved 1048576K
Event: 37180.193 GC heap after
Heap after GC invocations=131 (full 3):
 def new generation   total 12160K, used 82K [0x00000000f0a00000, 0x00000000f1730000, 0x00000000f5c00000)
  eden space 10816K,   0% used [0x00000000f0a00000, 0x00000000f0a00000, 0x00000000f1490000)
  from space 1344K,   6% used [0x00000000f1490000, 0x00000000f14a4818, 0x00000000f15e0000)
  to   space 1344K,   0% used [0x00000000f15e0000, 0x00000000f15e0000, 0x00000000f1730000)
 tenured generation   total 26960K, used 22755K [0x00000000f5c00000, 0x00000000f7654000, 0x0000000100000000)
   the space 26960K,  84% used [0x00000000f5c00000, 0x00000000f7238f60, 0x00000000f7239000, 0x00000000f7654000)
 Metaspace       used 39326K, capacity 40962K, committed 41344K, reserved 1085440K
  class space    used 5065K, capacity 5378K, committed 5504K, reserved 1048576K
}
Event: 37180.219 GC heap before
{Heap before GC invocations=131 (full 3):
 def new generation   total 12160K, used 7596K [0x00000000f0a00000, 0x00000000f1730000, 0x00000000f5c00000)
  eden space 10816K,  69% used [0x00000000f0a00000, 0x00000000f11569c8, 0x00000000f1490000)
  from space 1344K,   6% used [0x00000000f1490000, 0x00000000f14a4818, 0x00000000f15e0000)
  to   space 1344K,   0% used [0x00000000f15e0000, 0x00000000f15e0000, 0x00000000f1730000)
 tenured generation   total 26960K, used 22755K [0x00000000f5c00000, 0x00000000f7654000, 0x0000000100000000)
   the space 26960K,  84% used [0x00000000f5c00000, 0x00000000f7238f60, 0x00000000f7239000, 0x00000000f7654000)
 Metaspace       used 39349K, capacity 41026K, committed 41344K, reserved 1085440K
  class space    used 5065K, capacity 5378K, committed 5504K, reserved 1048576K
Event: 37180.272 GC heap after
Heap after GC invocations=132 (full 4):
 def new generation   total 16704K, used 0K [0x00000000f0a00000, 0x00000000f1c10000, 0x00000000f5c00000)
  eden space 14912K,   0% used [0x00000000f0a00000, 0x00000000f0a00000, 0x00000000f1890000)
  from space 1792K,   0% used [0x00000000f1890000, 0x00000000f1890000, 0x00000000f1a50000)
  to   space 1792K,   0% used [0x00000000f1a50000, 0x00000000f1a50000, 0x00000000f1c10000)
 tenured generation   total 36864K, used 22116K [0x00000000f5c00000, 0x00000000f8000000, 0x0000000100000000)
   the space 36864K,  59% used [0x00000000f5c00000, 0x00000000f71990b8, 0x00000000f7199200, 0x00000000f8000000)
 Metaspace       used 39349K, capacity 41026K, committed 41344K, reserved 1085440K
  class space    used 5065K, capacity 5378K, committed 5504K, reserved 1048576K
}

