# JRE version: Java(TM) SE Runtime Environment (8.0_181-b13) (build 1.8.0_181-b13)
# Java VM: Java HotSpot(TM) 64-Bit Server VM (25.181-b13 mixed mode linux-amd64 compressed oops)
Heap:
 def new generation   total 12096K, used 2963K [0x00000000f0a00000, 0x00000000f1720000, 0x00000000f5c00000)
  eden space 10752K,  27% used [0x00000000f0a00000, 0x00000000f0ce4f18, 0x00000000f1480000)
  from space 1344K,   0% used [0x00000000f1480000, 0x00000000f1480000, 0x00000000f15d0000)
  to   space 1344K,   0% used [0x00000000f15d0000, 0x00000000f15d0000, 0x00000000f1720000)
 tenured generation   total 26808K, used 16084K [0x00000000f5c00000, 0x00000000f762e000, 0x0000000100000000)
   the space 26808K,  59% used [0x00000000f5c00000, 0x00000000f6bb5250, 0x00000000f6bb5400, 0x00000000f762e000)
 Metaspace       used 39005K, capacity 40664K, committed 40960K, reserved 1085440K
  class space    used 5021K, capacity 5341K, committed 5376K, reserved 1048576K
GC Heap History (10 events):
Event: 68.730 GC heap before
{Heap before GC invocations=128 (full 2):
 def new generation   total 10240K, used 9657K [0x00000000f0a00000, 0x00000000f1510000, 0x00000000f5c00000)
  eden space 9152K, 100% used [0x00000000f0a00000, 0x00000000f12f0000, 0x00000000f12f0000)
  from space 1088K,  46% used [0x00000000f1400000, 0x00000000f147e530, 0x00000000f1510000)
  to   space 1088K,   0% used [0x00000000f12f0000, 0x00000000f12f0000, 0x00000000f1400000)
 tenured generation   total 22616K, used 18737K [0x00000000f5c00000, 0x00000000f7216000, 0x0000000100000000)
   the space 22616K,  82% used [0x00000000f5c00000, 0x00000000f6e4c640, 0x00000000f6e4c800, 0x00000000f7216000)
 Metaspace       used 38919K, capacity 40648K, committed 40960K, reserved 1085440K
  class space    used 5039K, capacity 5375K, committed 5376K, reserved 1048576K
Event: 68.735 GC heap after
Heap after GC invocations=129 (full 2):
 def new generation   total 10240K, used 643K [0x00000000f0a00000, 0x00000000f1510000, 0x00000000f5c00000)
  eden space 9152K,   0% used [0x00000000f0a00000, 0x00000000f0a00000, 0x00000000f12f0000)
  from space 1088K,  59% used [0x00000000f12f0000, 0x00000000f1390c90, 0x00000000f1400000)
  to   space 1088K,   0% used [0x00000000f1400000, 0x00000000f1400000, 0x00000000f1510000)
 tenured generation   total 22616K, used 19618K [0x00000000f5c00000, 0x00000000f7216000, 0x0000000100000000)
   the space 22616K,  86% used [0x00000000f5c00000, 0x00000000f6f28be0, 0x00000000f6f28c00, 0x00000000f7216000)
 Metaspace       used 38919K, capacity 40648K, committed 40960K, reserved 1085440K
  class space    used 5039K, capacity 5375K, committed 5376K, reserved 1048576K
}
Event: 171.067 GC heap before
{Heap before GC invocations=129 (full 2):
 def new generation   total 10240K, used 9795K [0x00000000f0a00000, 0x00000000f1510000, 0x00000000f5c00000)
  eden space 9152K, 100% used [0x00000000f0a00000, 0x00000000f12f0000, 0x00000000f12f0000)
  from space 1088K,  59% used [0x00000000f12f0000, 0x00000000f1390c90, 0x00000000f1400000)
  to   space 1088K,   0% used [0x00000000f1400000, 0x00000000f1400000, 0x00000000f1510000)
 tenured generation   total 22616K, used 19618K [0x00000000f5c00000, 0x00000000f7216000, 0x0000000100000000)
   the space 22616K,  86% used [0x00000000f5c00000, 0x00000000f6f28be0, 0x00000000f6f28c00, 0x00000000f7216000)
 Metaspace       used 38948K, capacity 40648K, committed 40960K, reserved 1085440K
  class space    used 5039K, capacity 5375K, committed 5376K, reserved 1048576K
Event: 171.071 GC heap after
Heap after GC invocations=130 (full 2):
 def new generation   total 10240K, used 501K [0x00000000f0a00000, 0x00000000f1510000, 0x00000000f5c00000)
  eden space 9152K,   0% used [0x00000000f0a00000, 0x00000000f0a00000, 0x00000000f12f0000)
  from space 1088K,  46% used [0x00000000f1400000, 0x00000000f147d660, 0x00000000f1510000)
  to   space 1088K,   0% used [0x00000000f12f0000, 0x00000000f12f0000, 0x00000000f1400000)
 tenured generation   total 22616K, used 20643K [0x00000000f5c00000, 0x00000000f7216000, 0x0000000100000000)
   the space 22616K,  91% used [0x00000000f5c00000, 0x00000000f7028d98, 0x00000000f7028e00, 0x00000000f7216000)
 Metaspace       used 38948K, capacity 40648K, committed 40960K, reserved 1085440K
  class space    used 5039K, capacity 5375K, committed 5376K, reserved 1048576K
}
Event: 256.441 GC heap before
{Heap before GC invocations=130 (full 2):
 def new generation   total 10240K, used 8928K [0x00000000f0a00000, 0x00000000f1510000, 0x00000000f5c00000)
  eden space 9152K,  92% used [0x00000000f0a00000, 0x00000000f123ad38, 0x00000000f12f0000)
  from space 1088K,  46% used [0x00000000f1400000, 0x00000000f147d660, 0x00000000f1510000)
  to   space 1088K,   0% used [0x00000000f12f0000, 0x00000000f12f0000, 0x00000000f1400000)
 tenured generation   total 22616K, used 20643K [0x00000000f5c00000, 0x00000000f7216000, 0x0000000100000000)
   the space 22616K,  91% used [0x00000000f5c00000, 0x00000000f7028d98, 0x00000000f7028e00, 0x00000000f7216000)
 Metaspace       used 39005K, capacity 40712K, committed 40960K, reserved 1085440K
  class space    used 5039K, capacity 5375K, committed 5376K, reserved 1048576K
Event: 256.445 GC heap after
Heap after GC invocations=131 (full 2):
 def new generation   total 10240K, used 511K [0x00000000f0a00000, 0x00000000f1510000, 0x00000000f5c00000)
  eden space 9152K,   0% used [0x00000000f0a00000, 0x00000000f0a00000, 0x00000000f12f0000)
  from space 1088K,  47% used [0x00000000f12f0000, 0x00000000f136fe18, 0x00000000f1400000)
  to   space 1088K,   0% used [0x00000000f1400000, 0x00000000f1400000, 0x00000000f1510000)
 tenured generation   total 22616K, used 21522K [0x00000000f5c00000, 0x00000000f7216000, 0x0000000100000000)
   the space 22616K,  95% used [0x00000000f5c00000, 0x00000000f7104a88, 0x00000000f7104c00, 0x00000000f7216000)
 Metaspace       used 39005K, capacity 40712K, committed 40960K, reserved 1085440K
  class space    used 5039K, capacity 5375K, committed 5376K, reserved 1048576K
}
Event: 770.019 GC heap before
{Heap before GC invocations=131 (full 2):
 def new generation   total 10240K, used 9663K [0x00000000f0a00000, 0x00000000f1510000, 0x00000000f5c00000)
  eden space 9152K, 100% used [0x00000000f0a00000, 0x00000000f12f0000, 0x00000000f12f0000)
  from space 1088K,  47% used [0x00000000f12f0000, 0x00000000f136fe18, 0x00000000f1400000)
  to   space 1088K,   0% used [0x00000000f1400000, 0x00000000f1400000, 0x00000000f1510000)
 tenured generation   total 22616K, used 21522K [0x00000000f5c00000, 0x00000000f7216000, 0x0000000100000000)
   the space 22616K,  95% used [0x00000000f5c00000, 0x00000000f7104a88, 0x00000000f7104c00, 0x00000000f7216000)
 Metaspace       used 39057K, capacity 40776K, committed 40960K, reserved 1085440K
  class space    used 5039K, capacity 5375K, committed 5376K, reserved 1048576K
Event: 770.023 GC heap after
Heap after GC invocations=132 (full 2):
 def new generation   total 10240K, used 532K [0x00000000f0a00000, 0x00000000f1510000, 0x00000000f5c00000)
  eden space 9152K,   0% used [0x00000000f0a00000, 0x00000000f0a00000, 0x00000000f12f0000)
  from space 1088K,  48% used [0x00000000f1400000, 0x00000000f1485088, 0x00000000f1510000)
  to   space 1088K,   0% used [0x00000000f12f0000, 0x00000000f12f0000, 0x00000000f1400000)
 tenured generation   total 22616K, used 22542K [0x00000000f5c00000, 0x00000000f7216000, 0x0000000100000000)
   the space 22616K,  99% used [0x00000000f5c00000, 0x00000000f7203be8, 0x00000000f7203c00, 0x00000000f7216000)
 Metaspace       used 39057K, capacity 40776K, committed 40960K, reserved 1085440K
  class space    used 5039K, capacity 5375K, committed 5376K, reserved 1048576K
}
Event: 938.163 GC heap before
{Heap before GC invocations=132 (full 2):
 def new generation   total 10240K, used 9634K [0x00000000f0a00000, 0x00000000f1510000, 0x00000000f5c00000)
  eden space 9152K,  99% used [0x00000000f0a00000, 0x00000000f12e3890, 0x00000000f12f0000)
  from space 1088K,  48% used [0x00000000f1400000, 0x00000000f1485088, 0x00000000f1510000)
  to   space 1088K,   0% used [0x00000000f12f0000, 0x00000000f12f0000, 0x00000000f1400000)
 tenured generation   total 22616K, used 22542K [0x00000000f5c00000, 0x00000000f7216000, 0x0000000100000000)
   the space 22616K,  99% used [0x00000000f5c00000, 0x00000000f7203be8, 0x00000000f7203c00, 0x00000000f7216000)
 Metaspace       used 39115K, capacity 40840K, committed 40960K, reserved 1085440K
  class space    used 5039K, capacity 5375K, committed 5376K, reserved 1048576K
Event: 938.217 GC heap after
Heap after GC invocations=133 (full 3):
 def new generation   total 12096K, used 0K [0x00000000f0a00000, 0x00000000f1720000, 0x00000000f5c00000)
  eden space 10752K,   0% used [0x00000000f0a00000, 0x00000000f0a00000, 0x00000000f1480000)
  from space 1344K,   0% used [0x00000000f1480000, 0x00000000f1480000, 0x00000000f15d0000)
  to   space 1344K,   0% used [0x00000000f15d0000, 0x00000000f15d0000, 0x00000000f1720000)
 tenured generation   total 26808K, used 16084K [0x00000000f5c00000, 0x00000000f762e000, 0x0000000100000000)
   the space 26808K,  59% used [0x00000000f5c00000, 0x00000000f6bb5250, 0x00000000f6bb5400, 0x00000000f762e000)
 Metaspace       used 39005K, capacity 40664K, committed 40960K, reserved 1085440K
  class space    used 5021K, capacity 5341K, committed 5376K, reserved 1048576K
}

